  pch.cpp
  Blur.cpp
  ColorTransformer.cpp
d:\xlas\thực hành\imageprocessing\lab01\colortransformer.cpp(19): warning C4244: 'initializing': conversion from 'int' to 'float', possible loss of data
d:\xlas\thực hành\imageprocessing\lab01\colortransformer.cpp(20): warning C4244: 'initializing': conversion from 'int' to 'float', possible loss of data
d:\xlas\thực hành\imageprocessing\lab01\colortransformer.cpp(21): warning C4244: 'initializing': conversion from 'int' to 'float', possible loss of data
  Converter.cpp
d:\xlas\thực hành\imageprocessing\lab01\converter.cpp(75): warning C4244: '=': conversion from 'double' to 'float', possible loss of data
d:\xlas\thực hành\imageprocessing\lab01\converter.cpp(77): warning C4244: '=': conversion from 'double' to 'float', possible loss of data
d:\xlas\thực hành\imageprocessing\lab01\converter.cpp(129): warning C4244: 'initializing': conversion from 'float' to 'int', possible loss of data
  Convolution.cpp
  EdgeDetector.cpp
  GeometricTransformer.cpp
d:\xlas\thực hành\imageprocessing\lab01\geometrictransformer.cpp(17): warning C4244: 'initializing': conversion from 'float' to 'int', possible loss of data
  main.cpp
d:\xlas\thực hành\imageprocessing\lab01\main.cpp(1): warning C4603: '_CRT_SECURE_NO_WARNINGS': macro is not defined or definition is different after precompiled header use
  d:\xlas\thực hành\imageprocessing\lab01\main.cpp(1): note: Add macro to precompiled header instead of defining here
  d:\xlas\thực hành\imageprocessing\lab01\main.cpp(2): note: use of precompiled header
  Generating Code...
  Lab01.vcxproj -> D:\XLAS\Thực hành\ImageProcessing\x64\Debug\Lab01.exe
